{"/home/wissem/Desktop/learning/gitlab/react-app/src/App.tsx": {"path":"/home/wissem/Desktop/learning/gitlab/react-app/src/App.tsx","statementMap":{"0":{"start":{"line":8,"column":16},"end":{"line":8,"column":null}},"1":{"start":{"line":10,"column":2},"end":{"line":34,"column":null}},"2":{"start":{"line":27,"column":25},"end":{"line":27,"column":null}},"3":{"start":{"line":27,"column":45},"end":{"line":27,"column":54}}},"fnMap":{"0":{"name":"App","decl":{"start":{"line":7,"column":9},"end":{"line":7,"column":15}},"loc":{"start":{"line":7,"column":15},"end":{"line":36,"column":null}},"line":7},"1":{"name":"(anonymous_1)","decl":{"start":{"line":27,"column":10},"end":{"line":27,"column":25}},"loc":{"start":{"line":27,"column":25},"end":{"line":27,"column":null}},"line":27},"2":{"name":"(anonymous_2)","decl":{"start":{"line":27,"column":25},"end":{"line":27,"column":35}},"loc":{"start":{"line":27,"column":45},"end":{"line":27,"column":54}},"line":27}},"branchMap":{},"s":{"0":2,"1":2,"2":1,"3":1},"f":{"0":2,"1":1,"2":1},"b":{},"meta":{"lastBranch":0,"lastFunction":3,"lastStatement":4,"seen":{"f:7:9:7:15":0,"s:8:16:8:Infinity":0,"s:10:2:34:Infinity":1,"f:27:10:27:25":1,"s:27:25:27:Infinity":2,"f:27:25:27:35":2,"s:27:45:27:54":3}}}
}
